2022-11-08 14:20:46,624 - INFO      - normalize.py : 30 line - PNAS_en: (mu, sigma) = (-3.173246376811596, 3.4662331239738107)
2022-11-08 14:20:46,656 - INFO      - normalize.py : 30 line - pressure: (mu, sigma) = (189.85507246376812, 195.74823192140704)
2022-11-08 14:20:46,656 - INFO      - normalize.py : 30 line - atom_s: (mu, sigma) = (1.8289855072463768, 0.38414273059778)
2022-11-08 14:20:46,656 - INFO      - normalize.py : 30 line - atom_p: (mu, sigma) = (1.063768115942029, 1.8576883729940652)
2022-11-08 14:20:46,657 - INFO      - normalize.py : 30 line - atom_d: (mu, sigma) = (1.8405797101449275, 3.03708092310715)
2022-11-08 14:20:46,657 - INFO      - normalize.py : 30 line - atom_f: (mu, sigma) = (1.5855072463768116, 3.5401332719660052)
2022-11-08 14:20:46,657 - INFO      - normalize.py : 30 line - ionization_energy: (mu, sigma) = (7.952482608695658, 3.269205310489434)
2022-11-08 14:20:46,657 - INFO      - normalize.py : 30 line - mass: (mu, sigma) = (119.14293071223182, 72.78100302785347)
2022-11-08 14:20:46,657 - INFO      - normalize.py : 30 line - en: (mu, sigma) = (1.7720869565217394, 0.6908350280036649)
2022-11-08 14:20:46,657 - INFO      - normalize.py : 30 line - row: (mu, sigma) = (4.892753623188406, 1.512299222805613)
2022-11-08 14:20:46,657 - INFO      - normalize.py : 30 line - pseudo_row: (mu, sigma) = (5.385507246376812, 2.116688373435575)
2022-11-08 14:20:46,657 - INFO      - normalize.py : 30 line - group: (mu, sigma) = (9.489855072463769, 5.409657090247816)
2022-11-08 14:20:46,657 - INFO      - normalize.py : 30 line - atomic_number: (mu, sigma) = (49.107246376811595, 27.809237954427395)
2022-11-08 14:20:46,657 - INFO      - normalize.py : 30 line - pressure_pow_2: (mu, sigma) = (74362.31884057971, 103984.00392793029)
2022-11-08 14:20:46,657 - INFO      - normalize.py : 30 line - atom_s_pow_2: (mu, sigma) = (3.4927536231884058, 1.1296169468208388)
2022-11-08 14:20:46,657 - INFO      - normalize.py : 30 line - atom_p_pow_2: (mu, sigma) = (4.582608695652174, 9.622421830826099)
2022-11-08 14:20:46,657 - INFO      - normalize.py : 30 line - atom_d_pow_2: (mu, sigma) = (12.611594202898551, 27.106764417182998)
2022-11-08 14:20:46,658 - INFO      - normalize.py : 30 line - atom_f_pow_2: (mu, sigma) = (15.046376811594202, 41.446779493113354)
2022-11-08 14:20:46,658 - INFO      - normalize.py : 30 line - ionization_energy_pow_2: (mu, sigma) = (27.159796153739155, 56.682587694912776)
2022-11-08 14:20:46,658 - INFO      - normalize.py : 30 line - mass_pow_2: (mu, sigma) = (19252.95043231953, 18282.792602031823)
2022-11-08 14:20:46,658 - INFO      - normalize.py : 30 line - en_pow_2: (mu, sigma) = (1.6266234782608717, 2.047944256855616)
2022-11-08 14:20:46,658 - INFO      - normalize.py : 30 line - row_pow_2: (mu, sigma) = (17.440579710144927, 10.654118327909423)
2022-11-08 14:20:46,658 - INFO      - normalize.py : 30 line - pseudo_row_pow_2: (mu, sigma) = (23.713043478260868, 19.620204855284445)
2022-11-08 14:20:46,658 - INFO      - normalize.py : 30 line - group_pow_2: (mu, sigma) = (101.34202898550724, 94.36195561955566)
2022-11-08 14:20:46,658 - INFO      - normalize.py : 30 line - atomic_number_pow_2: (mu, sigma) = (3087.6608695652176, 2748.70251727407)
2022-11-08 14:20:46,658 - INFO      - normalize.py : 30 line - pressure_log_p_abs: (mu, sigma) = (3.887775546095184, 2.3679678372851525)
2022-11-08 14:20:46,658 - INFO      - normalize.py : 30 line - atom_s_log_p_abs: (mu, sigma) = (1.0284380177961272, 0.16042455061528588)
2022-11-08 14:20:46,658 - INFO      - normalize.py : 30 line - atom_p_log_p_abs: (mu, sigma) = (0.4334287342727541, 0.6929660297426018)
2022-11-08 14:20:46,658 - INFO      - normalize.py : 30 line - atom_d_log_p_abs: (mu, sigma) = (0.6173899167065399, 0.8487883005248814)
2022-11-08 14:20:46,658 - INFO      - normalize.py : 30 line - atom_f_log_p_abs: (mu, sigma) = (0.42989933074264625, 0.8559818408866541)
2022-11-08 14:20:46,659 - INFO      - normalize.py : 30 line - ionization_energy_log_p_abs: (mu, sigma) = (1.466531403820462, 0.540750847542554)
2022-11-08 14:20:46,659 - INFO      - normalize.py : 30 line - mass_log_p_abs: (mu, sigma) = (4.455880057601815, 0.9950434999298461)
2022-11-08 14:20:46,659 - INFO      - normalize.py : 30 line - en_log_p_abs: (mu, sigma) = (0.6765710016658248, 0.31989221854899824)
2022-11-08 14:20:46,659 - INFO      - normalize.py : 30 line - row_log_p_abs: (mu, sigma) = (1.522237062809478, 0.3984211647099262)
2022-11-08 14:20:46,659 - INFO      - normalize.py : 30 line - pseudo_row_log_p_abs: (mu, sigma) = (1.5898474372706515, 0.4649777946671281)
2022-11-08 14:20:46,659 - INFO      - normalize.py : 30 line - group_log_p_abs: (mu, sigma) = (1.9907807912359348, 0.8354899471505308)
2022-11-08 14:20:46,659 - INFO      - normalize.py : 30 line - atomic_number_log_p_abs: (mu, sigma) = (3.6181071819133352, 0.9040030851741452)
2022-11-08 14:20:46,659 - INFO      - normalize.py : 30 line - pressure_inv_p: (mu, sigma) = (0.2530138664026555, 0.4271578391310155)
2022-11-08 14:20:46,659 - INFO      - normalize.py : 30 line - atom_s_inv_p: (mu, sigma) = (0.36280193236714825, 0.07077583216159433)
2022-11-08 14:20:46,659 - INFO      - normalize.py : 30 line - atom_p_inv_p: (mu, sigma) = (0.7753002070393371, 0.3443303018208943)
2022-11-08 14:20:46,660 - INFO      - normalize.py : 30 line - atom_d_inv_p: (mu, sigma) = (0.7013985611811697, 0.374009990234811)
2022-11-08 14:20:46,660 - INFO      - normalize.py : 30 line - atom_f_inv_p: (mu, sigma) = (0.8182122708209661, 0.348516016935588)
2022-11-08 14:20:46,660 - INFO      - normalize.py : 30 line - ionization_energy_inv_p: (mu, sigma) = (0.2662347049820439, 0.15559528846754686)
2022-11-08 14:20:46,660 - INFO      - normalize.py : 30 line - mass_inv_p: (mu, sigma) = (0.02806857971440147, 0.09648486872288002)
2022-11-08 14:20:46,660 - INFO      - normalize.py : 30 line - en_inv_p: (mu, sigma) = (0.5343864862356148, 0.16744460250486298)
2022-11-08 14:20:46,660 - INFO      - normalize.py : 30 line - row_inv_p: (mu, sigma) = (0.2407591442374055, 0.13870620703201242)
2022-11-08 14:20:46,660 - INFO      - normalize.py : 30 line - pseudo_row_inv_p: (mu, sigma) = (0.23138486312399403, 0.14504755599593794)
2022-11-08 14:20:46,660 - INFO      - normalize.py : 30 line - group_inv_p: (mu, sigma) = (0.21087639768586117, 0.2521795733321027)
2022-11-08 14:20:46,660 - INFO      - normalize.py : 30 line - atomic_number_inv_p: (mu, sigma) = (0.05102831974975972, 0.11120812963030308)
2022-11-08 14:20:46,660 - INFO      - normalize.py : 30 line - pressure_sqrt_p: (mu, sigma) = (11.269941604523543, 7.990212055659007)
2022-11-08 14:20:46,660 - INFO      - normalize.py : 30 line - atom_s_sqrt_p: (mu, sigma) = (1.6774166806595228, 0.12352646150350365)
2022-11-08 14:20:46,660 - INFO      - normalize.py : 30 line - atom_p_sqrt_p: (mu, sigma) = (1.328751625801936, 0.5460652276704135)
2022-11-08 14:20:46,660 - INFO      - normalize.py : 30 line - atom_d_sqrt_p: (mu, sigma) = (1.506380747855477, 0.7559078995719676)
2022-11-08 14:20:46,661 - INFO      - normalize.py : 30 line - atom_f_sqrt_p: (mu, sigma) = (1.388750756641696, 0.810480463863212)
2022-11-08 14:20:46,661 - INFO      - normalize.py : 30 line - ionization_energy_sqrt_p: (mu, sigma) = (2.1613422010124084, 0.6222399045532861)
2022-11-08 14:20:46,661 - INFO      - normalize.py : 30 line - mass_sqrt_p: (mu, sigma) = (10.236493363673288, 3.788033042055547)
2022-11-08 14:20:46,661 - INFO      - normalize.py : 30 line - en_sqrt_p: (mu, sigma) = (1.420761830303553, 0.23134990398579378)
2022-11-08 14:20:46,661 - INFO      - normalize.py : 30 line - row_sqrt_p: (mu, sigma) = (2.1794770717244267, 0.3776682631833307)
2022-11-08 14:20:46,661 - INFO      - normalize.py : 30 line - pseudo_row_sqrt_p: (mu, sigma) = (2.2706200513853, 0.47936606953749916)
2022-11-08 14:20:46,661 - INFO      - normalize.py : 30 line - group_sqrt_p: (mu, sigma) = (2.916970563776511, 0.990524004012584)
2022-11-08 14:20:46,661 - INFO      - normalize.py : 30 line - atomic_number_sqrt_p: (mu, sigma) = (6.63029255505924, 2.2685825995845033)
2022-11-08 14:20:46,661 - INFO      - normalize.py : 30 line - add(add(pressure_inv_p, en_sqrt_p), add(atomic_number_inv_p, add(add(pressure_inv_p, en_sqrt_p), en_sqrt_p))): (mu, sigma) = (4.819341543465732, 1.1092043410367791)
2022-11-08 14:20:46,661 - INFO      - normalize.py : 30 line - add(add(pressure_inv_p, add(add(pressure_inv_p, en_sqrt_p), en_sqrt_p)), add(atomic_number_inv_p, add(add(pressure_inv_p, en_sqrt_p), en_sqrt_p))): (mu, sigma) = (6.4931172401719355, 1.5816532832150387)
2022-11-08 14:20:46,661 - INFO      - normalize.py : 30 line - add(add(pressure_inv_p, en_sqrt_p), add(atomic_number_inv_p, add(add(pressure_inv_p, en_sqrt_p), add(atomic_number_inv_p, add(add(pressure_inv_p, en_sqrt_p), en_sqrt_p))))): (mu, sigma) = (6.544145559921701, 1.6073743378267786)
2022-11-08 14:20:46,661 - INFO      - normalize.py : 30 line - add(add(add(pressure_inv_p, en_sqrt_p), add(atomic_number_inv_p, add(add(pressure_inv_p, en_sqrt_p), en_sqrt_p))), add(atomic_number_inv_p, add(add(pressure_inv_p, en_sqrt_p), en_sqrt_p))): (mu, sigma) = (7.964907390225252, 1.7530432406924923)
2022-11-08 14:20:46,661 - INFO      - normalize.py : 30 line - add(add(pressure_inv_p, en_sqrt_p), add(atomic_number_inv_p, add(atomic_number_inv_p, add(add(pressure_inv_p, en_sqrt_p), en_sqrt_p)))): (mu, sigma) = (4.870369863215495, 1.1405892962780122)
2022-11-08 14:20:46,662 - INFO      - normalize.py : 30 line - add(add(pressure_inv_p, en_sqrt_p), add(atomic_number_inv_p, add(add(pressure_inv_p, en_sqrt_p), add(add(pressure_inv_p, en_sqrt_p), add(atomic_number_inv_p, add(add(pressure_inv_p, en_sqrt_p), en_sqrt_p)))))): (mu, sigma) = (8.217921256627907, 2.0806970099519875)
2022-11-08 14:20:46,662 - INFO      - normalize.py : 30 line - add(add(pressure_inv_p, en_sqrt_p), add(add(pressure_inv_p, en_sqrt_p), en_sqrt_p)): (mu, sigma) = (4.768313223715969, 1.088328578030293)
2022-11-08 14:20:46,662 - INFO      - normalize.py : 30 line - add(add(pressure_inv_p, en_sqrt_p), add(add(add(pressure_inv_p, en_sqrt_p), en_sqrt_p), add(add(pressure_inv_p, en_sqrt_p), en_sqrt_p))): (mu, sigma) = (7.86285075072573, 1.7066021387681751)
2022-11-08 14:20:46,662 - INFO      - normalize.py : 30 line - add(add(pressure_inv_p, en_sqrt_p), add(add(pressure_inv_p, en_sqrt_p), add(atomic_number_inv_p, add(add(pressure_inv_p, add(add(pressure_inv_p, en_sqrt_p), add(atomic_number_inv_p, add(add(pressure_inv_p, en_sqrt_p), en_sqrt_p)))), en_sqrt_p)))): (mu, sigma) = (9.891696953334117, 2.5569292713607013)
2022-11-08 14:20:46,662 - INFO      - normalize.py : 30 line - add(add(pressure_inv_p, en_sqrt_p), add(add(atomic_number_inv_p, add(add(pressure_inv_p, en_sqrt_p), en_sqrt_p)), add(add(pressure_inv_p, en_sqrt_p), en_sqrt_p))): (mu, sigma) = (7.913879070475492, 1.72640044132206)
2022-11-08 14:20:48,868 - INFO      - normalize.py : 30 line - pressure: (mu, sigma) = (189.85507246376812, 195.74823192140704)
2022-11-08 14:20:48,868 - INFO      - normalize.py : 30 line - pressure_pow_2: (mu, sigma) = (74362.31884057971, 103984.00392793029)
2022-11-08 14:20:48,868 - INFO      - normalize.py : 30 line - pressure_log_p_abs: (mu, sigma) = (3.887775546095184, 2.3679678372851525)
2022-11-08 14:20:48,868 - INFO      - normalize.py : 30 line - pressure_inv_p: (mu, sigma) = (0.2530138664026555, 0.4271578391310155)
2022-11-08 14:20:48,868 - INFO      - normalize.py : 30 line - pressure_sqrt_p: (mu, sigma) = (11.269941604523543, 7.990212055659007)
2022-11-08 14:20:48,868 - INFO      - normalize.py : 30 line - add(add(pressure_inv_p, en_sqrt_p), add(atomic_number_inv_p, add(add(pressure_inv_p, en_sqrt_p), en_sqrt_p))): (mu, sigma) = (4.819341543465732, 1.1092043410367791)
2022-11-08 14:20:48,868 - INFO      - normalize.py : 30 line - add(add(pressure_inv_p, add(add(pressure_inv_p, en_sqrt_p), en_sqrt_p)), add(atomic_number_inv_p, add(add(pressure_inv_p, en_sqrt_p), en_sqrt_p))): (mu, sigma) = (6.4931172401719355, 1.5816532832150387)
2022-11-08 14:20:48,868 - INFO      - normalize.py : 30 line - add(add(pressure_inv_p, en_sqrt_p), add(atomic_number_inv_p, add(add(pressure_inv_p, en_sqrt_p), add(atomic_number_inv_p, add(add(pressure_inv_p, en_sqrt_p), en_sqrt_p))))): (mu, sigma) = (6.544145559921701, 1.6073743378267786)
2022-11-08 14:20:48,869 - INFO      - normalize.py : 30 line - add(add(add(pressure_inv_p, en_sqrt_p), add(atomic_number_inv_p, add(add(pressure_inv_p, en_sqrt_p), en_sqrt_p))), add(atomic_number_inv_p, add(add(pressure_inv_p, en_sqrt_p), en_sqrt_p))): (mu, sigma) = (7.964907390225252, 1.7530432406924923)
2022-11-08 14:20:48,869 - INFO      - normalize.py : 30 line - add(add(pressure_inv_p, en_sqrt_p), add(atomic_number_inv_p, add(atomic_number_inv_p, add(add(pressure_inv_p, en_sqrt_p), en_sqrt_p)))): (mu, sigma) = (4.870369863215495, 1.1405892962780122)
2022-11-08 14:20:48,869 - INFO      - normalize.py : 30 line - add(add(pressure_inv_p, en_sqrt_p), add(atomic_number_inv_p, add(add(pressure_inv_p, en_sqrt_p), add(add(pressure_inv_p, en_sqrt_p), add(atomic_number_inv_p, add(add(pressure_inv_p, en_sqrt_p), en_sqrt_p)))))): (mu, sigma) = (8.217921256627907, 2.0806970099519875)
2022-11-08 14:20:48,869 - INFO      - normalize.py : 30 line - add(add(pressure_inv_p, en_sqrt_p), add(add(pressure_inv_p, en_sqrt_p), en_sqrt_p)): (mu, sigma) = (4.768313223715969, 1.088328578030293)
2022-11-08 14:20:48,869 - INFO      - normalize.py : 30 line - add(add(pressure_inv_p, en_sqrt_p), add(add(add(pressure_inv_p, en_sqrt_p), en_sqrt_p), add(add(pressure_inv_p, en_sqrt_p), en_sqrt_p))): (mu, sigma) = (7.86285075072573, 1.7066021387681751)
2022-11-08 14:20:48,869 - INFO      - normalize.py : 30 line - add(add(pressure_inv_p, en_sqrt_p), add(add(pressure_inv_p, en_sqrt_p), add(atomic_number_inv_p, add(add(pressure_inv_p, add(add(pressure_inv_p, en_sqrt_p), add(atomic_number_inv_p, add(add(pressure_inv_p, en_sqrt_p), en_sqrt_p)))), en_sqrt_p)))): (mu, sigma) = (9.891696953334117, 2.5569292713607013)
2022-11-08 14:20:48,869 - INFO      - normalize.py : 30 line - add(add(pressure_inv_p, en_sqrt_p), add(add(atomic_number_inv_p, add(add(pressure_inv_p, en_sqrt_p), en_sqrt_p)), add(add(pressure_inv_p, en_sqrt_p), en_sqrt_p))): (mu, sigma) = (7.913879070475492, 1.72640044132206)
